<?xml version="1.0" encoding="UTF-8"?>
<!-- Generated by org.testng.reporters.JUnitXMLReporter -->
<testsuite ignored="0" hostname="DESKTOP-GDG7MDL" failures="0" tests="2" name="Test-firefox" time="48.065" errors="0" timestamp="2023-03-08T13:07:01 IST">
  <testcase classname="Testng.BaseClassPOMCreateContactwithOrganizationWITHGUTest" name="createContactwithOrganizationTest" time="26.551"/>
  <testcase classname="Testng.BaseClassPOMCreateContactwithOrganizationWITHGUTest" name="demo" time="0.001"/>
</testsuite> <!-- Test-firefox -->
