<?xml version="1.0" encoding="UTF-8"?>
<!-- Generated by org.testng.reporters.JUnitXMLReporter -->
<testsuite ignored="0" hostname="DESKTOP-GDG7MDL" failures="0" tests="2" name="Test-chrome" time="47.677" errors="0" timestamp="2023-03-08T13:07:01 IST">
  <testcase classname="Testng.BaseClassPOMCreateContactwithOrganizationWITHGUTest" name="createContactwithOrganizationTest" time="28.648"/>
  <testcase classname="Testng.BaseClassPOMCreateContactwithOrganizationWITHGUTest" name="demo" time="0.002"/>
</testsuite> <!-- Test-chrome -->
