<?xml version="1.0" encoding="UTF-8"?>
<!-- Generated by org.testng.reporters.JUnitReportReporter -->
<testsuite hostname="DESKTOP-GDG7MDL" failures="0" tests="2" name="practice.Testngdemo" time="0.011" errors="0" timestamp="2023-03-11T10:56:26 IST" skipped="0">
  <testcase classname="practice.Testngdemo" name="t1" time="0.008"/>
  <system-out/>
  <testcase classname="practice.Testngdemo" name="t2" time="0.003"/>
  <system-out/>
</testsuite> <!-- practice.Testngdemo -->
