<?xml version="1.0" encoding="UTF-8"?>
<!-- Generated by org.testng.reporters.JUnitReportReporter -->
<testsuite hostname="DESKTOP-GDG7MDL" failures="0" tests="1" name="vtiger.GenericUtilities.BaseClass" time="0.008" errors="0" timestamp="2023-03-02T17:34:05 IST" skipped="0">
  <testcase classname="vtiger.GenericUtilities.BaseClass" name="tsConfig" time="0.008"/>
  <system-out/>
</testsuite> <!-- vtiger.GenericUtilities.BaseClass -->
