<?xml version="1.0" encoding="UTF-8"?>
<!-- Generated by org.testng.reporters.JUnitReportReporter -->
<testsuite hostname="DESKTOP-GDG7MDL" failures="0" tests="1" name="vtiger.OrganizationTests.demo5" time="2.451" errors="0" timestamp="2023-03-25T14:16:05 IST" skipped="0">
  <testcase classname="vtiger.OrganizationTests.demo5" name="abc" time="2.451"/>
  <system-out/>
</testsuite> <!-- vtiger.OrganizationTests.demo5 -->
