<?xml version="1.0" encoding="UTF-8"?>
<!-- Generated by org.testng.reporters.JUnitReportReporter -->
<testsuite hostname="DESKTOP-GDG7MDL" failures="0" tests="4" name="Testng.CreateMultipleOrgwithDataProviderTest" time="94.711" errors="0" timestamp="2023-03-09T21:17:51 IST" skipped="0">
  <testcase classname="Testng.CreateMultipleOrgwithDataProviderTest" name="createMulOrgTest" time="24.434"/>
  <system-out/>
  <testcase classname="Testng.CreateMultipleOrgwithDataProviderTest" name="createMulOrgTest" time="22.529"/>
  <system-out/>
  <testcase classname="Testng.CreateMultipleOrgwithDataProviderTest" name="createMulOrgTest" time="29.688"/>
  <system-out/>
  <testcase classname="Testng.CreateMultipleOrgwithDataProviderTest" name="createMulOrgTest" time="18.060"/>
  <system-out/>
</testsuite> <!-- Testng.CreateMultipleOrgwithDataProviderTest -->
