<?xml version="1.0" encoding="UTF-8"?>
<!-- Generated by org.testng.reporters.JUnitReportReporter -->
<testsuite hostname="DESKTOP-GDG7MDL" failures="0" tests="1" name="vtiger.OrganizationTests.BaseClassCreateOrgTest" time="15.930" errors="0" timestamp="2023-03-25T14:18:11 IST" skipped="0">
  <testcase classname="vtiger.OrganizationTests.BaseClassCreateOrgTest" name="createContactwithOrganizationTest" time="15.930"/>
  <system-out/>
</testsuite> <!-- vtiger.OrganizationTests.BaseClassCreateOrgTest -->
