<?xml version="1.0" encoding="UTF-8"?>
<!-- Generated by org.testng.reporters.JUnitReportReporter -->
<testsuite hostname="DESKTOP-GDG7MDL" failures="0" tests="1" name="practice.readData" time="0.013" errors="0" timestamp="2023-03-30T00:01:26 IST" skipped="0">
  <testcase classname="practice.readData" name="sss" time="0.013"/>
  <system-out/>
</testsuite> <!-- practice.readData -->
