<?xml version="1.0" encoding="UTF-8"?>
<!-- Generated by org.testng.reporters.JUnitReportReporter -->
<testsuite hostname="DESKTOP-GDG7MDL" failures="0" tests="1" name="practice.Readdatafromcmdline" time="0.007" errors="0" timestamp="2023-03-25T14:47:03 IST" skipped="0">
  <testcase classname="practice.Readdatafromcmdline" name="readData" time="0.007"/>
  <system-out/>
</testsuite> <!-- practice.Readdatafromcmdline -->
