<?xml version="1.0" encoding="UTF-8"?>
<!-- Generated by org.testng.reporters.JUnitReportReporter -->
<testsuite hostname="DESKTOP-GDG7MDL" failures="0" tests="1" name="practice.DataProviderPractice" time="0.005" errors="0" timestamp="2023-03-09T21:48:52 IST" skipped="0">
  <testcase classname="practice.DataProviderPractice" name="dataProviderdemo" time="0.005"/>
  <system-out/>
</testsuite> <!-- practice.DataProviderPractice -->
